<?xml version="1.0" encoding="UTF-8"?>
<testsuite name="| test | test |  |  |  |  |  |  | success |" tests="3" skipped="2" failures="0" errors="0" timestamp="2019-02-22T22:46:55" hostname="PSI-1623" time="0.245">
  <properties/>
  <testcase name="Given I am on the application" classname="| test | test |  |  |  |  |  |  | success |" time="0.0"/>
  <testcase name="classMethod" classname="| test | test |  |  |  |  |  |  | success |" time="2.252">
    <skipped/>
  </testcase>
  <testcase name="classMethod" classname="| test | test |  |  |  |  |  |  | success |" time="0.238">
    <skipped/>
  </testcase>
  <system-out><![CDATA[




]]></system-out>
  <system-err><![CDATA[[Test worker] INFO net.thucydides.core.steps.ConsoleLoggingListener - 
 _____ _____ ____ _____   ____ _____  _    ____ _____ _____ ____  
|_   _| ____/ ___|_   _| / ___|_   _|/ \  |  _ \_   _| ____|  _ \ 
  | | |  _| \___ \ | |   \___ \ | | / _ \ | |_) || | |  _| | | | |
  | | | |___ ___) || |    ___) || |/ ___ \|  _ < | | | |___| |_| |
  |_| |_____|____/ |_|   |____/ |_/_/   \_\_| \_\|_| |_____|____/ 
                                                                  

TEST STARTED: Employee is able to search for another employee(s)
-------------------------------------------------------------------(as-an-employee-of-acme,-i-should-be-able-to-create-and-submit-a-new-expense-report;employee-is-able-to-search-for-another-employee(s);;2)
[Test worker] INFO net.thucydides.core.steps.ConsoleLoggingListener - STARTING STEP Example #1: {name=test, password=test, expenseName=, type=, description=, date=, cost=, receipt=, status=success}
[Test worker] INFO net.thucydides.core.steps.ConsoleLoggingListener - STARTING STEP Then expense report is made with ..
[Test worker] INFO net.thucydides.core.steps.ConsoleLoggingListener - STARTING STEP Open web page: http://api.peachfour.pac.pyramidchallenges.com/api/auth
[Test worker] INFO net.thucydides.core.steps.ConsoleLoggingListener - FINISHING STEP
[Test worker] INFO net.thucydides.core.steps.ConsoleLoggingListener - 
 _____ _____ ____ _____   ____ _____  _    ____ _____ _____ ____  
|_   _| ____/ ___|_   _| / ___|_   _|/ \  |  _ \_   _| ____|  _ \ 
  | | |  _| \___ \ | |   \___ \ | | / _ \ | |_) || | |  _| | | | |
  | | | |___ ___) || |    ___) || |/ ___ \|  _ < | | | |___| |_| |
  |_| |_____|____/ |_|   |____/ |_/_/   \_\_| \_\|_| |_____|____/ 
                                                                  

TEST STARTED: Employee is able to submit expense report
-------------------------------------------------------------------(as-an-employee-of-acme,-i-should-be-able-to-create-and-submit-a-new-expense-report;employee-is-able-to-submit-expense-report;;2)
[Test worker] INFO net.thucydides.core.steps.ConsoleLoggingListener - STARTING STEP Example #1: {name=test, password=test, expenseName=, type=, description=, date=, cost=, receipt=, status=success}
]]></system-err>
</testsuite>
