<?xml version="1.0" encoding="UTF-8"?>
<testsuite name="| test | test | success |" tests="4" skipped="0" failures="0" errors="0" timestamp="2019-02-22T22:46:13" hostname="PSI-1623" time="12.102">
  <properties/>
  <testcase name="Given I am on the application" classname="| test | test | success |" time="0.001"/>
  <testcase name="When test logs in with test" classname="| test | test | success |" time="0.0"/>
  <testcase name="Then the application shows the success login status" classname="| test | test | success |" time="0.0"/>
  <testcase name="classMethod" classname="| test | test | success |" time="20.507"/>
  <system-out><![CDATA[
]]></system-out>
  <system-err><![CDATA[[Test worker] INFO net.thucydides.core.steps.ConsoleLoggingListener - 
 _____ _____ ____ _____   ____ _____  _    ____ _____ _____ ____  
|_   _| ____/ ___|_   _| / ___|_   _|/ \  |  _ \_   _| ____|  _ \ 
  | | |  _| \___ \ | |   \___ \ | | / _ \ | |_) || | |  _| | | | |
  | | | |___ ___) || |    ___) || |/ ___ \|  _ < | | | |___| |_| |
  |_| |_____|____/ |_|   |____/ |_/_/   \_\_| \_\|_| |_____|____/ 
                                                                  

TEST STARTED: Login Authentication
-------------------------------------------------------------------(as-an-employee-of-acme,-i-should-be-able-to-create-and-submit-a-new-expense-report;login-authentication;;2)
[Test worker] INFO net.thucydides.core.steps.ConsoleLoggingListener - STARTING STEP Example #1: {name=test, password=test, status=success}
[Test worker] INFO net.thucydides.core.steps.ConsoleLoggingListener - STARTING STEP Given I am on the application
[Test worker] INFO net.thucydides.core.steps.ConsoleLoggingListener - STARTING STEP Open web page: http://api.peachfour.pac.pyramidchallenges.com/api/auth
Feb 22, 2019 5:46:06 PM org.openqa.selenium.remote.DesiredCapabilities chrome
INFO: Using `new ChromeOptions()` is preferred to `DesiredCapabilities.chrome()`
Starting ChromeDriver 2.45.615291 (ec3682e3c9061c10f26ea9e5cdcf3c53f3f74387) on port 33668
Only local connections are allowed.
Feb 22, 2019 5:46:09 PM org.openqa.selenium.remote.ProtocolHandshake createSession
INFO: Detected dialect: OSS
[Test worker] INFO net.thucydides.core.steps.ConsoleLoggingListener - FINISHING STEP
]]></system-err>
</testsuite>
