<?xml version="1.0" encoding="UTF-8"?>
<testsuite name="| test | test | dummy1 | dummy1 | dummy1 | dummy1 | dummy1 | dummy1 | dummy1 |" tests="1" skipped="1" failures="0" errors="0" timestamp="2019-02-22T22:46:53" hostname="PSI-1623" time="2.264">
  <properties/>
  <testcase name="classMethod" classname="| test | test | dummy1 | dummy1 | dummy1 | dummy1 | dummy1 | dummy1 | dummy1 |" time="2.264">
    <skipped/>
  </testcase>
  <system-out><![CDATA[]]></system-out>
  <system-err><![CDATA[[Test worker] INFO net.thucydides.core.steps.ConsoleLoggingListener - 
 _____ _____ ____ _____   ____ _____  _    ____ _____ _____ ____  
|_   _| ____/ ___|_   _| / ___|_   _|/ \  |  _ \_   _| ____|  _ \ 
  | | |  _| \___ \ | |   \___ \ | | / _ \ | |_) || | |  _| | | | |
  | | | |___ ___) || |    ___) || |/ ___ \|  _ < | | | |___| |_| |
  |_| |_____|____/ |_|   |____/ |_/_/   \_\_| \_\|_| |_____|____/ 
                                                                  

TEST STARTED: adding unlimited number of line items
-------------------------------------------------------------------(as-an-employee-of-acme,-i-should-be-able-to-create-and-submit-a-new-expense-report;adding-unlimited-number-of-line-items;;2)
[Test worker] INFO net.thucydides.core.steps.ConsoleLoggingListener - ?[33mTEST IGNORED?[0m
[Test worker] INFO net.thucydides.core.steps.ConsoleLoggingListener - STARTING STEP Example #1: {name=test, password=test, expenseName=dummy1, type=dummy1, description=dummy1, date=dummy1, cost=dummy1, receipt=dummy1, status=dummy1}
]]></system-err>
</testsuite>
